<?xml version="1.0" encoding="UTF-8"?>
<!-- Generated by org.testng.reporters.JUnitReportReporter -->
<testsuite skipped="0" hostname="Sony-VAIO" name="qsp.demoA" tests="1" failures="0" timestamp="02 Oct 2018 05:56:51 GMT" time="0.013" errors="0">
  <testcase name="test" time="0.013" classname="qsp.demoA"/>
</testsuite> <!-- qsp.demoA -->
